2021-06-07 21:11:10,945 :INFO :test_process :Frist_name: Sam
2021-06-07 21:11:11,199 :INFO :test_process :Last_name: Willams
2021-06-07 21:11:11,277 :INFO :test_process :Address: classic tower, 5&6, 10th Cross St, Thillai Nagar, Tiruchirappalli, Tamil Nadu 620018
2021-06-07 21:11:11,423 :INFO :test_process :Email: sam@gmail.com
2021-06-07 21:11:11,482 :INFO :test_process :Phone Number: 8453438323
2021-06-07 21:11:12,042 :INFO :test_process :Skill: Python
2021-06-07 21:11:12,088 :INFO :test_process :country: American Samoa
2021-06-07 21:11:12,315 :INFO :test_process :Year: 2000
2021-06-07 21:11:12,362 :INFO :test_process :Month: August
2021-06-07 21:11:12,407 :INFO :test_process :Day: 31
2021-06-07 21:11:12,449 :INFO :test_process :Password: P345@1
2021-06-07 21:11:12,518 :INFO :test_process :Confirm Password: P345@1
2021-06-07 21:11:14,081 :INFO :test_process :Frist_name: gk
2021-06-07 21:11:14,081 :INFO :test_process :Frist_name: gk
2021-06-07 21:11:14,273 :INFO :test_process :Last_name: roy
2021-06-07 21:11:14,273 :INFO :test_process :Last_name: roy
2021-06-07 21:11:14,317 :INFO :test_process :Address: KVR Complex, 21, 80 Feet Rd, Sengunthapuram, Tamil Nadu 639002
2021-06-07 21:11:14,317 :INFO :test_process :Address: KVR Complex, 21, 80 Feet Rd, Sengunthapuram, Tamil Nadu 639002
2021-06-07 21:11:14,416 :INFO :test_process :Email: roy@gmail.com
2021-06-07 21:11:14,416 :INFO :test_process :Email: roy@gmail.com
2021-06-07 21:11:14,470 :INFO :test_process :Phone Number: 9233457392
2021-06-07 21:11:14,470 :INFO :test_process :Phone Number: 9233457392
2021-06-07 21:11:15,019 :INFO :test_process :Skill: Data Analytics
2021-06-07 21:11:15,019 :INFO :test_process :Skill: Data Analytics
2021-06-07 21:11:15,061 :INFO :test_process :country: Switzerland
2021-06-07 21:11:15,061 :INFO :test_process :country: Switzerland
2021-06-07 21:11:15,262 :INFO :test_process :Year: 1998
2021-06-07 21:11:15,262 :INFO :test_process :Year: 1998
2021-06-07 21:11:15,303 :INFO :test_process :Month: May
2021-06-07 21:11:15,303 :INFO :test_process :Month: May
2021-06-07 21:11:15,343 :INFO :test_process :Day: 16
2021-06-07 21:11:15,343 :INFO :test_process :Day: 16
2021-06-07 21:11:15,384 :INFO :test_process :Password: S#$%
2021-06-07 21:11:15,384 :INFO :test_process :Password: S#$%
2021-06-07 21:11:15,443 :INFO :test_process :Confirm Password: S#$%
2021-06-07 21:11:15,443 :INFO :test_process :Confirm Password: S#$%
2021-06-07 21:11:16,680 :INFO :test_process :Frist_name: ram
2021-06-07 21:11:16,680 :INFO :test_process :Frist_name: ram
2021-06-07 21:11:16,680 :INFO :test_process :Frist_name: ram
2021-06-07 21:11:16,907 :INFO :test_process :Last_name: sand
2021-06-07 21:11:16,907 :INFO :test_process :Last_name: sand
2021-06-07 21:11:16,907 :INFO :test_process :Last_name: sand
2021-06-07 21:11:16,951 :INFO :test_process :Address: 75-5744 Alii Dr #123, Kailua-Kona, HI 96740, United States
2021-06-07 21:11:16,951 :INFO :test_process :Address: 75-5744 Alii Dr #123, Kailua-Kona, HI 96740, United States
2021-06-07 21:11:16,951 :INFO :test_process :Address: 75-5744 Alii Dr #123, Kailua-Kona, HI 96740, United States
2021-06-07 21:11:17,050 :INFO :test_process :Email: paul@gmail.com
2021-06-07 21:11:17,050 :INFO :test_process :Email: paul@gmail.com
2021-06-07 21:11:17,050 :INFO :test_process :Email: paul@gmail.com
2021-06-07 21:11:17,105 :INFO :test_process :Phone Number: 8765432196
2021-06-07 21:11:17,105 :INFO :test_process :Phone Number: 8765432196
2021-06-07 21:11:17,105 :INFO :test_process :Phone Number: 8765432196
2021-06-07 21:11:17,653 :INFO :test_process :Skill: Design
2021-06-07 21:11:17,653 :INFO :test_process :Skill: Design
2021-06-07 21:11:17,653 :INFO :test_process :Skill: Design
2021-06-07 21:11:17,694 :INFO :test_process :country: Canada
2021-06-07 21:11:17,694 :INFO :test_process :country: Canada
2021-06-07 21:11:17,694 :INFO :test_process :country: Canada
2021-06-07 21:11:17,912 :INFO :test_process :Year: 1997
2021-06-07 21:11:17,912 :INFO :test_process :Year: 1997
2021-06-07 21:11:17,912 :INFO :test_process :Year: 1997
2021-06-07 21:11:17,952 :INFO :test_process :Month: December
2021-06-07 21:11:17,952 :INFO :test_process :Month: December
2021-06-07 21:11:17,952 :INFO :test_process :Month: December
2021-06-07 21:11:17,993 :INFO :test_process :Day: 1
2021-06-07 21:11:17,993 :INFO :test_process :Day: 1
2021-06-07 21:11:17,993 :INFO :test_process :Day: 1
2021-06-07 21:11:18,031 :INFO :test_process :Password: &*(Huh
2021-06-07 21:11:18,031 :INFO :test_process :Password: &*(Huh
2021-06-07 21:11:18,031 :INFO :test_process :Password: &*(Huh
2021-06-07 21:11:18,093 :INFO :test_process :Confirm Password: &*(Huh
2021-06-07 21:11:18,093 :INFO :test_process :Confirm Password: &*(Huh
2021-06-07 21:11:18,093 :INFO :test_process :Confirm Password: &*(Huh
2021-06-07 21:11:19,208 :INFO :test_process :Frist_name: praveendhra
2021-06-07 21:11:19,208 :INFO :test_process :Frist_name: praveendhra
2021-06-07 21:11:19,208 :INFO :test_process :Frist_name: praveendhra
2021-06-07 21:11:19,208 :INFO :test_process :Frist_name: praveendhra
2021-06-07 21:11:19,376 :INFO :test_process :Last_name: paul
2021-06-07 21:11:19,376 :INFO :test_process :Last_name: paul
2021-06-07 21:11:19,376 :INFO :test_process :Last_name: paul
2021-06-07 21:11:19,376 :INFO :test_process :Last_name: paul
2021-06-07 21:11:19,429 :INFO :test_process :Address: Jardim Santo Inácio, Salvador - State of Bahia, Brazil
2021-06-07 21:11:19,429 :INFO :test_process :Address: Jardim Santo Inácio, Salvador - State of Bahia, Brazil
2021-06-07 21:11:19,429 :INFO :test_process :Address: Jardim Santo Inácio, Salvador - State of Bahia, Brazil
2021-06-07 21:11:19,429 :INFO :test_process :Address: Jardim Santo Inácio, Salvador - State of Bahia, Brazil
2021-06-07 21:11:19,521 :INFO :test_process :Email: pal@gmail.com
2021-06-07 21:11:19,521 :INFO :test_process :Email: pal@gmail.com
2021-06-07 21:11:19,521 :INFO :test_process :Email: pal@gmail.com
2021-06-07 21:11:19,521 :INFO :test_process :Email: pal@gmail.com
2021-06-07 21:11:19,576 :INFO :test_process :Phone Number: 8234567976
2021-06-07 21:11:19,576 :INFO :test_process :Phone Number: 8234567976
2021-06-07 21:11:19,576 :INFO :test_process :Phone Number: 8234567976
2021-06-07 21:11:19,576 :INFO :test_process :Phone Number: 8234567976
2021-06-07 21:11:20,128 :INFO :test_process :Skill: Troubleshooting
2021-06-07 21:11:20,128 :INFO :test_process :Skill: Troubleshooting
2021-06-07 21:11:20,128 :INFO :test_process :Skill: Troubleshooting
2021-06-07 21:11:20,128 :INFO :test_process :Skill: Troubleshooting
2021-06-07 21:11:20,169 :INFO :test_process :country: Denmark
2021-06-07 21:11:20,169 :INFO :test_process :country: Denmark
2021-06-07 21:11:20,169 :INFO :test_process :country: Denmark
2021-06-07 21:11:20,169 :INFO :test_process :country: Denmark
2021-06-07 21:11:20,369 :INFO :test_process :Year: 1998
2021-06-07 21:11:20,369 :INFO :test_process :Year: 1998
2021-06-07 21:11:20,369 :INFO :test_process :Year: 1998
2021-06-07 21:11:20,369 :INFO :test_process :Year: 1998
2021-06-07 21:11:20,412 :INFO :test_process :Month: July
2021-06-07 21:11:20,412 :INFO :test_process :Month: July
2021-06-07 21:11:20,412 :INFO :test_process :Month: July
2021-06-07 21:11:20,412 :INFO :test_process :Month: July
2021-06-07 21:11:20,450 :INFO :test_process :Day: 28
2021-06-07 21:11:20,450 :INFO :test_process :Day: 28
2021-06-07 21:11:20,450 :INFO :test_process :Day: 28
2021-06-07 21:11:20,450 :INFO :test_process :Day: 28
2021-06-07 21:11:20,490 :INFO :test_process :Password: WER$%
2021-06-07 21:11:20,490 :INFO :test_process :Password: WER$%
2021-06-07 21:11:20,490 :INFO :test_process :Password: WER$%
2021-06-07 21:11:20,490 :INFO :test_process :Password: WER$%
2021-06-07 21:11:20,550 :INFO :test_process :Confirm Password: WER$%
2021-06-07 21:11:20,550 :INFO :test_process :Confirm Password: WER$%
2021-06-07 21:11:20,550 :INFO :test_process :Confirm Password: WER$%
2021-06-07 21:11:20,550 :INFO :test_process :Confirm Password: WER$%
2021-06-07 21:15:37,503 :INFO :test_process :Frist_name: Sam
2021-06-07 21:15:37,655 :INFO :test_process :Last_name: Willams
2021-06-07 21:15:37,729 :INFO :test_process :Address: classic tower, 5&6, 10th Cross St, Thillai Nagar, Tiruchirappalli, Tamil Nadu 620018
2021-06-07 21:15:37,967 :INFO :test_process :Email: sam@gmail.com
2021-06-07 21:15:38,028 :INFO :test_process :Phone Number: 8453438323
2021-06-07 21:15:38,587 :INFO :test_process :Skill: Python
2021-06-07 21:15:38,632 :INFO :test_process :country: American Samoa
2021-06-07 21:15:38,864 :INFO :test_process :Year: 2000
2021-06-07 21:15:38,909 :INFO :test_process :Month: August
2021-06-07 21:15:38,953 :INFO :test_process :Day: 31
2021-06-07 21:15:38,999 :INFO :test_process :Password: P345@1
2021-06-07 21:15:39,063 :INFO :test_process :Confirm Password: P345@1
2021-06-07 21:15:40,069 :INFO :test_process :Frist_name: gk
2021-06-07 21:15:40,069 :INFO :test_process :Frist_name: gk
2021-06-07 21:15:40,336 :INFO :test_process :Last_name: roy
2021-06-07 21:15:40,336 :INFO :test_process :Last_name: roy
2021-06-07 21:15:40,400 :INFO :test_process :Address: KVR Complex, 21, 80 Feet Rd, Sengunthapuram, Tamil Nadu 639002
2021-06-07 21:15:40,400 :INFO :test_process :Address: KVR Complex, 21, 80 Feet Rd, Sengunthapuram, Tamil Nadu 639002
2021-06-07 21:15:40,503 :INFO :test_process :Email: roy@gmail.com
2021-06-07 21:15:40,503 :INFO :test_process :Email: roy@gmail.com
2021-06-07 21:15:40,557 :INFO :test_process :Phone Number: 9233457392
2021-06-07 21:15:40,557 :INFO :test_process :Phone Number: 9233457392
2021-06-07 21:15:41,103 :INFO :test_process :Skill: Data Analytics
2021-06-07 21:15:41,103 :INFO :test_process :Skill: Data Analytics
2021-06-07 21:15:41,145 :INFO :test_process :country: Switzerland
2021-06-07 21:15:41,145 :INFO :test_process :country: Switzerland
2021-06-07 21:15:41,345 :INFO :test_process :Year: 1998
2021-06-07 21:15:41,345 :INFO :test_process :Year: 1998
2021-06-07 21:15:41,387 :INFO :test_process :Month: May
2021-06-07 21:15:41,387 :INFO :test_process :Month: May
2021-06-07 21:15:41,428 :INFO :test_process :Day: 16
2021-06-07 21:15:41,428 :INFO :test_process :Day: 16
2021-06-07 21:15:41,468 :INFO :test_process :Password: S#$%
2021-06-07 21:15:41,468 :INFO :test_process :Password: S#$%
2021-06-07 21:15:41,526 :INFO :test_process :Confirm Password: S#$%
2021-06-07 21:15:41,526 :INFO :test_process :Confirm Password: S#$%
2021-06-07 21:15:41,611 :INFO :test_process :Frist_name: ram
2021-06-07 21:15:41,611 :INFO :test_process :Frist_name: ram
2021-06-07 21:15:41,611 :INFO :test_process :Frist_name: ram
2021-06-07 21:15:42,769 :INFO :test_process :Last_name: sand
2021-06-07 21:15:42,769 :INFO :test_process :Last_name: sand
2021-06-07 21:15:42,769 :INFO :test_process :Last_name: sand
2021-06-07 21:15:42,815 :INFO :test_process :Address: 75-5744 Alii Dr #123, Kailua-Kona, HI 96740, United States
2021-06-07 21:15:42,815 :INFO :test_process :Address: 75-5744 Alii Dr #123, Kailua-Kona, HI 96740, United States
2021-06-07 21:15:42,815 :INFO :test_process :Address: 75-5744 Alii Dr #123, Kailua-Kona, HI 96740, United States
2021-06-07 21:15:42,909 :INFO :test_process :Email: paul@gmail.com
2021-06-07 21:15:42,909 :INFO :test_process :Email: paul@gmail.com
2021-06-07 21:15:42,909 :INFO :test_process :Email: paul@gmail.com
2021-06-07 21:15:42,964 :INFO :test_process :Phone Number: 8765432196
2021-06-07 21:15:42,964 :INFO :test_process :Phone Number: 8765432196
2021-06-07 21:15:42,964 :INFO :test_process :Phone Number: 8765432196
2021-06-07 21:15:43,506 :INFO :test_process :Skill: Design
2021-06-07 21:15:43,506 :INFO :test_process :Skill: Design
2021-06-07 21:15:43,506 :INFO :test_process :Skill: Design
2021-06-07 21:15:43,546 :INFO :test_process :country: Canada
2021-06-07 21:15:43,546 :INFO :test_process :country: Canada
2021-06-07 21:15:43,546 :INFO :test_process :country: Canada
2021-06-07 21:15:43,748 :INFO :test_process :Year: 1997
2021-06-07 21:15:43,748 :INFO :test_process :Year: 1997
2021-06-07 21:15:43,748 :INFO :test_process :Year: 1997
2021-06-07 21:15:43,787 :INFO :test_process :Month: December
2021-06-07 21:15:43,787 :INFO :test_process :Month: December
2021-06-07 21:15:43,787 :INFO :test_process :Month: December
2021-06-07 21:15:43,828 :INFO :test_process :Day: 1
2021-06-07 21:15:43,828 :INFO :test_process :Day: 1
2021-06-07 21:15:43,828 :INFO :test_process :Day: 1
2021-06-07 21:15:43,869 :INFO :test_process :Password: &*(Huh
2021-06-07 21:15:43,869 :INFO :test_process :Password: &*(Huh
2021-06-07 21:15:43,869 :INFO :test_process :Password: &*(Huh
2021-06-07 21:15:43,927 :INFO :test_process :Confirm Password: &*(Huh
2021-06-07 21:15:43,927 :INFO :test_process :Confirm Password: &*(Huh
2021-06-07 21:15:43,927 :INFO :test_process :Confirm Password: &*(Huh
2021-06-07 21:15:44,917 :INFO :test_process :Frist_name: praveendhra
2021-06-07 21:15:44,917 :INFO :test_process :Frist_name: praveendhra
2021-06-07 21:15:44,917 :INFO :test_process :Frist_name: praveendhra
2021-06-07 21:15:44,917 :INFO :test_process :Frist_name: praveendhra
2021-06-07 21:15:45,096 :INFO :test_process :Last_name: paul
2021-06-07 21:15:45,096 :INFO :test_process :Last_name: paul
2021-06-07 21:15:45,096 :INFO :test_process :Last_name: paul
2021-06-07 21:15:45,096 :INFO :test_process :Last_name: paul
2021-06-07 21:15:45,147 :INFO :test_process :Address: Jardim Santo Inácio, Salvador - State of Bahia, Brazil
2021-06-07 21:15:45,147 :INFO :test_process :Address: Jardim Santo Inácio, Salvador - State of Bahia, Brazil
2021-06-07 21:15:45,147 :INFO :test_process :Address: Jardim Santo Inácio, Salvador - State of Bahia, Brazil
2021-06-07 21:15:45,147 :INFO :test_process :Address: Jardim Santo Inácio, Salvador - State of Bahia, Brazil
2021-06-07 21:15:45,249 :INFO :test_process :Email: pal@gmail.com
2021-06-07 21:15:45,249 :INFO :test_process :Email: pal@gmail.com
2021-06-07 21:15:45,249 :INFO :test_process :Email: pal@gmail.com
2021-06-07 21:15:45,249 :INFO :test_process :Email: pal@gmail.com
2021-06-07 21:15:45,307 :INFO :test_process :Phone Number: 8234567976
2021-06-07 21:15:45,307 :INFO :test_process :Phone Number: 8234567976
2021-06-07 21:15:45,307 :INFO :test_process :Phone Number: 8234567976
2021-06-07 21:15:45,307 :INFO :test_process :Phone Number: 8234567976
2021-06-07 21:15:45,883 :INFO :test_process :Skill: roubleshooting
2021-06-07 21:15:45,883 :INFO :test_process :Skill: roubleshooting
2021-06-07 21:15:45,883 :INFO :test_process :Skill: roubleshooting
2021-06-07 21:15:45,883 :INFO :test_process :Skill: roubleshooting
2021-06-08 11:14:34,727 :INFO :test_process :Frist_name: Sam
2021-06-08 11:14:34,961 :INFO :test_process :Last_name: Willams
2021-06-08 11:14:35,034 :INFO :test_process :Address: classic tower, 5&6, 10th Cross St, Thillai Nagar, Tiruchirappalli, Tamil Nadu 620018
2021-06-08 11:14:35,190 :INFO :test_process :Email: sam@gmail.com
2021-06-08 11:14:35,247 :INFO :test_process :Phone Number: 8453438323
2021-06-08 11:14:35,839 :INFO :test_process :Skill: Python
2021-06-08 11:14:35,886 :INFO :test_process :country: American Samoa
2021-06-08 11:14:36,124 :INFO :test_process :Year: 2000
2021-06-08 11:14:36,169 :INFO :test_process :Month: August
2021-06-08 11:14:36,213 :INFO :test_process :Day: 31
2021-06-08 11:14:36,257 :INFO :test_process :Password: P345@1
2021-06-08 11:14:36,336 :INFO :test_process :Confirm Password: P345@1
2021-06-08 11:14:37,663 :INFO :test_process :Frist_name: gk
2021-06-08 11:14:37,663 :INFO :test_process :Frist_name: gk
2021-06-08 11:14:38,001 :INFO :test_process :Last_name: roy
2021-06-08 11:14:38,001 :INFO :test_process :Last_name: roy
2021-06-08 11:14:38,048 :INFO :test_process :Address: KVR Complex, 21, 80 Feet Rd, Sengunthapuram, Tamil Nadu 639002
2021-06-08 11:14:38,048 :INFO :test_process :Address: KVR Complex, 21, 80 Feet Rd, Sengunthapuram, Tamil Nadu 639002
2021-06-08 11:14:38,145 :INFO :test_process :Email: roy@gmail.com
2021-06-08 11:14:38,145 :INFO :test_process :Email: roy@gmail.com
2021-06-08 11:14:38,200 :INFO :test_process :Phone Number: 9233457392
2021-06-08 11:14:38,200 :INFO :test_process :Phone Number: 9233457392
2021-06-08 11:14:38,760 :INFO :test_process :Skill: Data Analytics
2021-06-08 11:14:38,760 :INFO :test_process :Skill: Data Analytics
2021-06-08 11:14:38,801 :INFO :test_process :country: Switzerland
2021-06-08 11:14:38,801 :INFO :test_process :country: Switzerland
2021-06-08 11:14:39,006 :INFO :test_process :Year: 1998
2021-06-08 11:14:39,006 :INFO :test_process :Year: 1998
2021-06-08 11:14:39,047 :INFO :test_process :Month: May
2021-06-08 11:14:39,047 :INFO :test_process :Month: May
2021-06-08 11:14:39,091 :INFO :test_process :Day: 16
2021-06-08 11:14:39,091 :INFO :test_process :Day: 16
2021-06-08 11:14:39,134 :INFO :test_process :Password: S#$%
2021-06-08 11:14:39,134 :INFO :test_process :Password: S#$%
2021-06-08 11:14:39,190 :INFO :test_process :Confirm Password: S#$%
2021-06-08 11:14:39,190 :INFO :test_process :Confirm Password: S#$%
2021-06-08 11:14:39,275 :INFO :test_process :Frist_name: ram
2021-06-08 11:14:39,275 :INFO :test_process :Frist_name: ram
2021-06-08 11:14:39,275 :INFO :test_process :Frist_name: ram
2021-06-08 11:14:40,949 :INFO :test_process :Last_name: sand
2021-06-08 11:14:40,949 :INFO :test_process :Last_name: sand
2021-06-08 11:14:40,949 :INFO :test_process :Last_name: sand
2021-06-08 11:14:41,004 :INFO :test_process :Address: 75-5744 Alii Dr #123, Kailua-Kona, HI 96740, United States
2021-06-08 11:14:41,004 :INFO :test_process :Address: 75-5744 Alii Dr #123, Kailua-Kona, HI 96740, United States
2021-06-08 11:14:41,004 :INFO :test_process :Address: 75-5744 Alii Dr #123, Kailua-Kona, HI 96740, United States
2021-06-08 11:14:41,158 :INFO :test_process :Email: paul@gmail.com
2021-06-08 11:14:41,158 :INFO :test_process :Email: paul@gmail.com
2021-06-08 11:14:41,158 :INFO :test_process :Email: paul@gmail.com
2021-06-08 11:14:41,213 :INFO :test_process :Phone Number: 8765432196
2021-06-08 11:14:41,213 :INFO :test_process :Phone Number: 8765432196
2021-06-08 11:14:41,213 :INFO :test_process :Phone Number: 8765432196
2021-06-08 11:14:41,778 :INFO :test_process :Skill: Design
2021-06-08 11:14:41,778 :INFO :test_process :Skill: Design
2021-06-08 11:14:41,778 :INFO :test_process :Skill: Design
2021-06-08 11:14:41,820 :INFO :test_process :country: Canada
2021-06-08 11:14:41,820 :INFO :test_process :country: Canada
2021-06-08 11:14:41,820 :INFO :test_process :country: Canada
2021-06-08 11:14:42,021 :INFO :test_process :Year: 1997
2021-06-08 11:14:42,021 :INFO :test_process :Year: 1997
2021-06-08 11:14:42,021 :INFO :test_process :Year: 1997
2021-06-08 11:14:42,061 :INFO :test_process :Month: December
2021-06-08 11:14:42,061 :INFO :test_process :Month: December
2021-06-08 11:14:42,061 :INFO :test_process :Month: December
2021-06-08 11:14:42,103 :INFO :test_process :Day: 1
2021-06-08 11:14:42,103 :INFO :test_process :Day: 1
2021-06-08 11:14:42,103 :INFO :test_process :Day: 1
2021-06-08 11:14:42,141 :INFO :test_process :Password: &*(Huh
2021-06-08 11:14:42,141 :INFO :test_process :Password: &*(Huh
2021-06-08 11:14:42,141 :INFO :test_process :Password: &*(Huh
2021-06-08 11:14:42,201 :INFO :test_process :Confirm Password: &*(Huh
2021-06-08 11:14:42,201 :INFO :test_process :Confirm Password: &*(Huh
2021-06-08 11:14:42,201 :INFO :test_process :Confirm Password: &*(Huh
2021-06-08 11:14:42,287 :INFO :test_process :Frist_name: praveendhra
2021-06-08 11:14:42,287 :INFO :test_process :Frist_name: praveendhra
2021-06-08 11:14:42,287 :INFO :test_process :Frist_name: praveendhra
2021-06-08 11:14:42,287 :INFO :test_process :Frist_name: praveendhra
2021-06-08 11:14:43,854 :INFO :test_process :Last_name: paul
2021-06-08 11:14:43,854 :INFO :test_process :Last_name: paul
2021-06-08 11:14:43,854 :INFO :test_process :Last_name: paul
2021-06-08 11:14:43,854 :INFO :test_process :Last_name: paul
2021-06-08 11:14:43,898 :INFO :test_process :Address: Jardim Santo Inácio, Salvador - State of Bahia, Brazil
2021-06-08 11:14:43,898 :INFO :test_process :Address: Jardim Santo Inácio, Salvador - State of Bahia, Brazil
2021-06-08 11:14:43,898 :INFO :test_process :Address: Jardim Santo Inácio, Salvador - State of Bahia, Brazil
2021-06-08 11:14:43,898 :INFO :test_process :Address: Jardim Santo Inácio, Salvador - State of Bahia, Brazil
2021-06-08 11:14:43,989 :INFO :test_process :Email: pal@gmail.com
2021-06-08 11:14:43,989 :INFO :test_process :Email: pal@gmail.com
2021-06-08 11:14:43,989 :INFO :test_process :Email: pal@gmail.com
2021-06-08 11:14:43,989 :INFO :test_process :Email: pal@gmail.com
2021-06-08 11:14:44,051 :INFO :test_process :Phone Number: 8234567976
2021-06-08 11:14:44,051 :INFO :test_process :Phone Number: 8234567976
2021-06-08 11:14:44,051 :INFO :test_process :Phone Number: 8234567976
2021-06-08 11:14:44,051 :INFO :test_process :Phone Number: 8234567976
2021-06-08 11:14:44,620 :INFO :test_process :Skill: roubleshooting
2021-06-08 11:14:44,620 :INFO :test_process :Skill: roubleshooting
2021-06-08 11:14:44,620 :INFO :test_process :Skill: roubleshooting
2021-06-08 11:14:44,620 :INFO :test_process :Skill: roubleshooting
2021-06-08 12:04:07,603 :INFO :test_process :Frist_name: Sam
2021-06-08 12:04:07,821 :INFO :test_process :Last_name: Willams
2021-06-08 12:04:07,878 :INFO :test_process :Address: classic tower, 5&6, 10th Cross St, Thillai Nagar, Tiruchirappalli, Tamil Nadu 620018
2021-06-08 12:04:08,033 :INFO :test_process :Email: sam@gmail.com
2021-06-08 12:04:08,094 :INFO :test_process :Phone Number: 8453438323
2021-06-08 12:04:08,702 :INFO :test_process :Skill: Python
2021-06-08 12:04:08,752 :INFO :test_process :country: American Samoa
2021-06-08 12:04:08,977 :INFO :test_process :Year: 2000
2021-06-08 12:04:09,022 :INFO :test_process :Month: August
2021-06-08 12:04:09,067 :INFO :test_process :Day: 31
2021-06-08 12:04:09,112 :INFO :test_process :Password: P345@1
2021-06-08 12:04:09,184 :INFO :test_process :Confirm Password: P345@1
2021-06-08 12:04:10,348 :INFO :test_process :Frist_name: gk
2021-06-08 12:04:10,348 :INFO :test_process :Frist_name: gk
2021-06-08 12:04:10,668 :INFO :test_process :Last_name: roy
2021-06-08 12:04:10,668 :INFO :test_process :Last_name: roy
2021-06-08 12:04:10,727 :INFO :test_process :Address: KVR Complex, 21, 80 Feet Rd, Sengunthapuram, Tamil Nadu 639002
2021-06-08 12:04:10,727 :INFO :test_process :Address: KVR Complex, 21, 80 Feet Rd, Sengunthapuram, Tamil Nadu 639002
2021-06-08 12:04:10,873 :INFO :test_process :Email: roy@gmail.com
2021-06-08 12:04:10,873 :INFO :test_process :Email: roy@gmail.com
2021-06-08 12:04:10,942 :INFO :test_process :Phone Number: 9233457392
2021-06-08 12:04:10,942 :INFO :test_process :Phone Number: 9233457392
2021-06-08 12:04:11,547 :INFO :test_process :Skill: Data Analytics
2021-06-08 12:04:11,547 :INFO :test_process :Skill: Data Analytics
2021-06-08 12:04:11,590 :INFO :test_process :country: Switzerland
2021-06-08 12:04:11,590 :INFO :test_process :country: Switzerland
2021-06-08 12:04:11,799 :INFO :test_process :Year: 1998
2021-06-08 12:04:11,799 :INFO :test_process :Year: 1998
2021-06-08 12:04:11,842 :INFO :test_process :Month: May
2021-06-08 12:04:11,842 :INFO :test_process :Month: May
2021-06-08 12:04:11,882 :INFO :test_process :Day: 16
2021-06-08 12:04:11,882 :INFO :test_process :Day: 16
2021-06-08 12:04:11,925 :INFO :test_process :Password: S#$%
2021-06-08 12:04:11,925 :INFO :test_process :Password: S#$%
2021-06-08 12:04:11,984 :INFO :test_process :Confirm Password: S#$%
2021-06-08 12:04:11,984 :INFO :test_process :Confirm Password: S#$%
2021-06-08 12:04:12,072 :INFO :test_process :Frist_name: ram
2021-06-08 12:04:12,072 :INFO :test_process :Frist_name: ram
2021-06-08 12:04:12,072 :INFO :test_process :Frist_name: ram
2021-06-08 12:04:13,004 :INFO :test_process :Last_name: sand
2021-06-08 12:04:13,004 :INFO :test_process :Last_name: sand
2021-06-08 12:04:13,004 :INFO :test_process :Last_name: sand
2021-06-08 12:04:13,060 :INFO :test_process :Address: 75-5744 Alii Dr #123, Kailua-Kona, HI 96740, United States
2021-06-08 12:04:13,060 :INFO :test_process :Address: 75-5744 Alii Dr #123, Kailua-Kona, HI 96740, United States
2021-06-08 12:04:13,060 :INFO :test_process :Address: 75-5744 Alii Dr #123, Kailua-Kona, HI 96740, United States
2021-06-08 12:04:13,177 :INFO :test_process :Email: paul@gmail.com
2021-06-08 12:04:13,177 :INFO :test_process :Email: paul@gmail.com
2021-06-08 12:04:13,177 :INFO :test_process :Email: paul@gmail.com
2021-06-08 12:04:13,242 :INFO :test_process :Phone Number: 8765432196
2021-06-08 12:04:13,242 :INFO :test_process :Phone Number: 8765432196
2021-06-08 12:04:13,242 :INFO :test_process :Phone Number: 8765432196
2021-06-08 12:04:13,840 :INFO :test_process :Skill: Design
2021-06-08 12:04:13,840 :INFO :test_process :Skill: Design
2021-06-08 12:04:13,840 :INFO :test_process :Skill: Design
2021-06-08 12:04:13,882 :INFO :test_process :country: Canada
2021-06-08 12:04:13,882 :INFO :test_process :country: Canada
2021-06-08 12:04:13,882 :INFO :test_process :country: Canada
2021-06-08 12:04:14,086 :INFO :test_process :Year: 1997
2021-06-08 12:04:14,086 :INFO :test_process :Year: 1997
2021-06-08 12:04:14,086 :INFO :test_process :Year: 1997
2021-06-08 12:04:14,128 :INFO :test_process :Month: December
2021-06-08 12:04:14,128 :INFO :test_process :Month: December
2021-06-08 12:04:14,128 :INFO :test_process :Month: December
2021-06-08 12:04:14,171 :INFO :test_process :Day: 1
2021-06-08 12:04:14,171 :INFO :test_process :Day: 1
2021-06-08 12:04:14,171 :INFO :test_process :Day: 1
2021-06-08 12:04:14,212 :INFO :test_process :Password: &*(Huh
2021-06-08 12:04:14,212 :INFO :test_process :Password: &*(Huh
2021-06-08 12:04:14,212 :INFO :test_process :Password: &*(Huh
2021-06-08 12:04:14,271 :INFO :test_process :Confirm Password: &*(Huh
2021-06-08 12:04:14,271 :INFO :test_process :Confirm Password: &*(Huh
2021-06-08 12:04:14,271 :INFO :test_process :Confirm Password: &*(Huh
2021-06-08 12:04:14,358 :INFO :test_process :Frist_name: praveendhra
2021-06-08 12:04:14,358 :INFO :test_process :Frist_name: praveendhra
2021-06-08 12:04:14,358 :INFO :test_process :Frist_name: praveendhra
2021-06-08 12:04:14,358 :INFO :test_process :Frist_name: praveendhra
2021-06-08 12:04:15,315 :INFO :test_process :Last_name: paul
2021-06-08 12:04:15,315 :INFO :test_process :Last_name: paul
2021-06-08 12:04:15,315 :INFO :test_process :Last_name: paul
2021-06-08 12:04:15,315 :INFO :test_process :Last_name: paul
2021-06-08 12:04:15,372 :INFO :test_process :Address: Jardim Santo Inácio, Salvador - State of Bahia, Brazil
2021-06-08 12:04:15,372 :INFO :test_process :Address: Jardim Santo Inácio, Salvador - State of Bahia, Brazil
2021-06-08 12:04:15,372 :INFO :test_process :Address: Jardim Santo Inácio, Salvador - State of Bahia, Brazil
2021-06-08 12:04:15,372 :INFO :test_process :Address: Jardim Santo Inácio, Salvador - State of Bahia, Brazil
2021-06-08 12:04:15,474 :INFO :test_process :Email: pal@gmail.com
2021-06-08 12:04:15,474 :INFO :test_process :Email: pal@gmail.com
2021-06-08 12:04:15,474 :INFO :test_process :Email: pal@gmail.com
2021-06-08 12:04:15,474 :INFO :test_process :Email: pal@gmail.com
2021-06-08 12:04:15,533 :INFO :test_process :Phone Number: 8234567976
2021-06-08 12:04:15,533 :INFO :test_process :Phone Number: 8234567976
2021-06-08 12:04:15,533 :INFO :test_process :Phone Number: 8234567976
2021-06-08 12:04:15,533 :INFO :test_process :Phone Number: 8234567976
2021-06-08 12:04:16,140 :INFO :test_process :Skill: roubleshooting
2021-06-08 12:04:16,140 :INFO :test_process :Skill: roubleshooting
2021-06-08 12:04:16,140 :INFO :test_process :Skill: roubleshooting
2021-06-08 12:04:16,140 :INFO :test_process :Skill: roubleshooting
2021-06-08 12:06:04,426 :INFO :test_process :Frist_name: Sam
2021-06-08 12:06:04,637 :INFO :test_process :Last_name: Willams
2021-06-08 12:06:04,749 :INFO :test_process :Address: classic tower, 5&6, 10th Cross St, Thillai Nagar, Tiruchirappalli, Tamil Nadu 620018
2021-06-08 12:06:04,926 :INFO :test_process :Email: sam@gmail.com
2021-06-08 12:06:04,987 :INFO :test_process :Phone Number: 8453438323
2021-06-08 12:06:05,551 :INFO :test_process :Skill: Python
2021-06-08 12:06:05,597 :INFO :test_process :country: American Samoa
2021-06-08 12:06:05,842 :INFO :test_process :Year: 2000
2021-06-08 12:06:05,885 :INFO :test_process :Month: August
2021-06-08 12:06:05,929 :INFO :test_process :Day: 31
2021-06-08 12:06:05,972 :INFO :test_process :Password: P345@1
2021-06-08 12:06:06,043 :INFO :test_process :Confirm Password: P345@1
2021-06-08 12:06:07,394 :INFO :test_process :Frist_name: gk
2021-06-08 12:06:07,394 :INFO :test_process :Frist_name: gk
2021-06-08 12:06:07,649 :INFO :test_process :Last_name: roy
2021-06-08 12:06:07,649 :INFO :test_process :Last_name: roy
2021-06-08 12:06:07,695 :INFO :test_process :Address: KVR Complex, 21, 80 Feet Rd, Sengunthapuram, Tamil Nadu 639002
2021-06-08 12:06:07,695 :INFO :test_process :Address: KVR Complex, 21, 80 Feet Rd, Sengunthapuram, Tamil Nadu 639002
2021-06-08 12:06:07,796 :INFO :test_process :Email: roy@gmail.com
2021-06-08 12:06:07,796 :INFO :test_process :Email: roy@gmail.com
2021-06-08 12:06:07,851 :INFO :test_process :Phone Number: 9233457392
2021-06-08 12:06:07,851 :INFO :test_process :Phone Number: 9233457392
2021-06-08 12:06:08,400 :INFO :test_process :Skill: Data Analytics
2021-06-08 12:06:08,400 :INFO :test_process :Skill: Data Analytics
2021-06-08 12:06:08,442 :INFO :test_process :country: Switzerland
2021-06-08 12:06:08,442 :INFO :test_process :country: Switzerland
2021-06-08 12:06:08,644 :INFO :test_process :Year: 1998
2021-06-08 12:06:08,644 :INFO :test_process :Year: 1998
2021-06-08 12:06:08,684 :INFO :test_process :Month: May
2021-06-08 12:06:08,684 :INFO :test_process :Month: May
2021-06-08 12:06:08,724 :INFO :test_process :Day: 16
2021-06-08 12:06:08,724 :INFO :test_process :Day: 16
2021-06-08 12:06:08,764 :INFO :test_process :Password: S#$%
2021-06-08 12:06:08,764 :INFO :test_process :Password: S#$%
2021-06-08 12:06:08,823 :INFO :test_process :Confirm Password: S#$%
2021-06-08 12:06:08,823 :INFO :test_process :Confirm Password: S#$%
2021-06-08 12:06:09,850 :INFO :test_process :Frist_name: ram
2021-06-08 12:06:09,850 :INFO :test_process :Frist_name: ram
2021-06-08 12:06:09,850 :INFO :test_process :Frist_name: ram
2021-06-08 12:06:10,133 :INFO :test_process :Last_name: sand
2021-06-08 12:06:10,133 :INFO :test_process :Last_name: sand
2021-06-08 12:06:10,133 :INFO :test_process :Last_name: sand
2021-06-08 12:06:10,180 :INFO :test_process :Address: 75-5744 Alii Dr #123, Kailua-Kona, HI 96740, United States
2021-06-08 12:06:10,180 :INFO :test_process :Address: 75-5744 Alii Dr #123, Kailua-Kona, HI 96740, United States
2021-06-08 12:06:10,180 :INFO :test_process :Address: 75-5744 Alii Dr #123, Kailua-Kona, HI 96740, United States
2021-06-08 12:06:10,277 :INFO :test_process :Email: paul@gmail.com
2021-06-08 12:06:10,277 :INFO :test_process :Email: paul@gmail.com
2021-06-08 12:06:10,277 :INFO :test_process :Email: paul@gmail.com
2021-06-08 12:06:10,333 :INFO :test_process :Phone Number: 8765432196
2021-06-08 12:06:10,333 :INFO :test_process :Phone Number: 8765432196
2021-06-08 12:06:10,333 :INFO :test_process :Phone Number: 8765432196
2021-06-08 12:06:10,889 :INFO :test_process :Skill: Design
2021-06-08 12:06:10,889 :INFO :test_process :Skill: Design
2021-06-08 12:06:10,889 :INFO :test_process :Skill: Design
2021-06-08 12:06:10,930 :INFO :test_process :country: Canada
2021-06-08 12:06:10,930 :INFO :test_process :country: Canada
2021-06-08 12:06:10,930 :INFO :test_process :country: Canada
2021-06-08 12:06:11,135 :INFO :test_process :Year: 1997
2021-06-08 12:06:11,135 :INFO :test_process :Year: 1997
2021-06-08 12:06:11,135 :INFO :test_process :Year: 1997
2021-06-08 12:06:11,176 :INFO :test_process :Month: December
2021-06-08 12:06:11,176 :INFO :test_process :Month: December
2021-06-08 12:06:11,176 :INFO :test_process :Month: December
2021-06-08 12:06:11,216 :INFO :test_process :Day: 1
2021-06-08 12:06:11,216 :INFO :test_process :Day: 1
2021-06-08 12:06:11,216 :INFO :test_process :Day: 1
2021-06-08 12:06:11,253 :INFO :test_process :Password: &*(Huh
2021-06-08 12:06:11,253 :INFO :test_process :Password: &*(Huh
2021-06-08 12:06:11,253 :INFO :test_process :Password: &*(Huh
2021-06-08 12:06:11,315 :INFO :test_process :Confirm Password: &*(Huh
2021-06-08 12:06:11,315 :INFO :test_process :Confirm Password: &*(Huh
2021-06-08 12:06:11,315 :INFO :test_process :Confirm Password: &*(Huh
2021-06-08 12:06:11,406 :INFO :test_process :Frist_name: praveendhra
2021-06-08 12:06:11,406 :INFO :test_process :Frist_name: praveendhra
2021-06-08 12:06:11,406 :INFO :test_process :Frist_name: praveendhra
2021-06-08 12:06:11,406 :INFO :test_process :Frist_name: praveendhra
2021-06-08 12:06:12,625 :INFO :test_process :Last_name: paul
2021-06-08 12:06:12,625 :INFO :test_process :Last_name: paul
2021-06-08 12:06:12,625 :INFO :test_process :Last_name: paul
2021-06-08 12:06:12,625 :INFO :test_process :Last_name: paul
2021-06-08 12:06:12,671 :INFO :test_process :Address: Jardim Santo Inácio, Salvador - State of Bahia, Brazil
2021-06-08 12:06:12,671 :INFO :test_process :Address: Jardim Santo Inácio, Salvador - State of Bahia, Brazil
2021-06-08 12:06:12,671 :INFO :test_process :Address: Jardim Santo Inácio, Salvador - State of Bahia, Brazil
2021-06-08 12:06:12,671 :INFO :test_process :Address: Jardim Santo Inácio, Salvador - State of Bahia, Brazil
2021-06-08 12:06:12,760 :INFO :test_process :Email: pal@gmail.com
2021-06-08 12:06:12,760 :INFO :test_process :Email: pal@gmail.com
2021-06-08 12:06:12,760 :INFO :test_process :Email: pal@gmail.com
2021-06-08 12:06:12,760 :INFO :test_process :Email: pal@gmail.com
2021-06-08 12:06:12,816 :INFO :test_process :Phone Number: 8234567976
2021-06-08 12:06:12,816 :INFO :test_process :Phone Number: 8234567976
2021-06-08 12:06:12,816 :INFO :test_process :Phone Number: 8234567976
2021-06-08 12:06:12,816 :INFO :test_process :Phone Number: 8234567976
2021-06-08 12:06:13,372 :INFO :test_process :Skill: roubleshooting
2021-06-08 12:06:13,372 :INFO :test_process :Skill: roubleshooting
2021-06-08 12:06:13,372 :INFO :test_process :Skill: roubleshooting
2021-06-08 12:06:13,372 :INFO :test_process :Skill: roubleshooting
2021-06-08 12:07:12,085 :INFO :test_process :Frist_name: Sam
2021-06-08 12:07:12,471 :INFO :test_process :Last_name: Willams
2021-06-08 12:07:12,520 :INFO :test_process :Address: classic tower, 5&6, 10th Cross St, Thillai Nagar, Tiruchirappalli, Tamil Nadu 620018
2021-06-08 12:07:12,649 :INFO :test_process :Email: sam@gmail.com
2021-06-08 12:07:12,721 :INFO :test_process :Phone Number: 8453438323
2021-06-08 12:07:13,294 :INFO :test_process :Skill: Python
2021-06-08 12:07:13,340 :INFO :test_process :country: American Samoa
2021-06-08 12:07:13,555 :INFO :test_process :Year: 2000
2021-06-08 12:07:13,598 :INFO :test_process :Month: August
2021-06-08 12:07:13,641 :INFO :test_process :Day: 31
2021-06-08 12:07:13,685 :INFO :test_process :Password: P345@1
2021-06-08 12:07:13,750 :INFO :test_process :Confirm Password: P345@1
2021-06-08 12:07:14,947 :INFO :test_process :Frist_name: gk
2021-06-08 12:07:14,947 :INFO :test_process :Frist_name: gk
2021-06-08 12:07:15,253 :INFO :test_process :Last_name: roy
2021-06-08 12:07:15,253 :INFO :test_process :Last_name: roy
2021-06-08 12:07:15,309 :INFO :test_process :Address: KVR Complex, 21, 80 Feet Rd, Sengunthapuram, Tamil Nadu 639002
2021-06-08 12:07:15,309 :INFO :test_process :Address: KVR Complex, 21, 80 Feet Rd, Sengunthapuram, Tamil Nadu 639002
2021-06-08 12:07:15,410 :INFO :test_process :Email: roy@gmail.com
2021-06-08 12:07:15,410 :INFO :test_process :Email: roy@gmail.com
2021-06-08 12:07:15,464 :INFO :test_process :Phone Number: 9233457392
2021-06-08 12:07:15,464 :INFO :test_process :Phone Number: 9233457392
2021-06-08 12:07:16,014 :INFO :test_process :Skill: Data Analytics
2021-06-08 12:07:16,014 :INFO :test_process :Skill: Data Analytics
2021-06-08 12:07:16,058 :INFO :test_process :country: Switzerland
2021-06-08 12:07:16,058 :INFO :test_process :country: Switzerland
2021-06-08 12:07:16,265 :INFO :test_process :Year: 1998
2021-06-08 12:07:16,265 :INFO :test_process :Year: 1998
2021-06-08 12:07:16,309 :INFO :test_process :Month: May
2021-06-08 12:07:16,309 :INFO :test_process :Month: May
2021-06-08 12:07:16,350 :INFO :test_process :Day: 16
2021-06-08 12:07:16,350 :INFO :test_process :Day: 16
2021-06-08 12:07:16,393 :INFO :test_process :Password: S#$%
2021-06-08 12:07:16,393 :INFO :test_process :Password: S#$%
2021-06-08 12:07:16,453 :INFO :test_process :Confirm Password: S#$%
2021-06-08 12:07:16,453 :INFO :test_process :Confirm Password: S#$%
2021-06-08 12:07:16,538 :INFO :test_process :Frist_name: ram
2021-06-08 12:07:16,538 :INFO :test_process :Frist_name: ram
2021-06-08 12:07:16,538 :INFO :test_process :Frist_name: ram
2021-06-08 12:07:17,759 :INFO :test_process :Last_name: sand
2021-06-08 12:07:17,759 :INFO :test_process :Last_name: sand
2021-06-08 12:07:17,759 :INFO :test_process :Last_name: sand
2021-06-08 12:07:17,804 :INFO :test_process :Address: 75-5744 Alii Dr #123, Kailua-Kona, HI 96740, United States
2021-06-08 12:07:17,804 :INFO :test_process :Address: 75-5744 Alii Dr #123, Kailua-Kona, HI 96740, United States
2021-06-08 12:07:17,804 :INFO :test_process :Address: 75-5744 Alii Dr #123, Kailua-Kona, HI 96740, United States
2021-06-08 12:07:17,900 :INFO :test_process :Email: paul@gmail.com
2021-06-08 12:07:17,900 :INFO :test_process :Email: paul@gmail.com
2021-06-08 12:07:17,900 :INFO :test_process :Email: paul@gmail.com
2021-06-08 12:07:17,958 :INFO :test_process :Phone Number: 8765432196
2021-06-08 12:07:17,958 :INFO :test_process :Phone Number: 8765432196
2021-06-08 12:07:17,958 :INFO :test_process :Phone Number: 8765432196
2021-06-08 12:07:18,500 :INFO :test_process :Skill: Design
2021-06-08 12:07:18,500 :INFO :test_process :Skill: Design
2021-06-08 12:07:18,500 :INFO :test_process :Skill: Design
2021-06-08 12:07:18,541 :INFO :test_process :country: Canada
2021-06-08 12:07:18,541 :INFO :test_process :country: Canada
2021-06-08 12:07:18,541 :INFO :test_process :country: Canada
2021-06-08 12:07:18,750 :INFO :test_process :Year: 1997
2021-06-08 12:07:18,750 :INFO :test_process :Year: 1997
2021-06-08 12:07:18,750 :INFO :test_process :Year: 1997
2021-06-08 12:07:18,792 :INFO :test_process :Month: December
2021-06-08 12:07:18,792 :INFO :test_process :Month: December
2021-06-08 12:07:18,792 :INFO :test_process :Month: December
2021-06-08 12:07:18,833 :INFO :test_process :Day: 1
2021-06-08 12:07:18,833 :INFO :test_process :Day: 1
2021-06-08 12:07:18,833 :INFO :test_process :Day: 1
2021-06-08 12:07:18,871 :INFO :test_process :Password: &*(Huh
2021-06-08 12:07:18,871 :INFO :test_process :Password: &*(Huh
2021-06-08 12:07:18,871 :INFO :test_process :Password: &*(Huh
2021-06-08 12:07:18,933 :INFO :test_process :Confirm Password: &*(Huh
2021-06-08 12:07:18,933 :INFO :test_process :Confirm Password: &*(Huh
2021-06-08 12:07:18,933 :INFO :test_process :Confirm Password: &*(Huh
2021-06-08 12:07:20,195 :INFO :test_process :Frist_name: praveendhra
2021-06-08 12:07:20,195 :INFO :test_process :Frist_name: praveendhra
2021-06-08 12:07:20,195 :INFO :test_process :Frist_name: praveendhra
2021-06-08 12:07:20,195 :INFO :test_process :Frist_name: praveendhra
2021-06-08 12:07:20,359 :INFO :test_process :Last_name: paul
2021-06-08 12:07:20,359 :INFO :test_process :Last_name: paul
2021-06-08 12:07:20,359 :INFO :test_process :Last_name: paul
2021-06-08 12:07:20,359 :INFO :test_process :Last_name: paul
2021-06-08 12:07:20,431 :INFO :test_process :Address: Jardim Santo Inácio, Salvador - State of Bahia, Brazil
2021-06-08 12:07:20,431 :INFO :test_process :Address: Jardim Santo Inácio, Salvador - State of Bahia, Brazil
2021-06-08 12:07:20,431 :INFO :test_process :Address: Jardim Santo Inácio, Salvador - State of Bahia, Brazil
2021-06-08 12:07:20,431 :INFO :test_process :Address: Jardim Santo Inácio, Salvador - State of Bahia, Brazil
2021-06-08 12:07:20,537 :INFO :test_process :Email: pal@gmail.com
2021-06-08 12:07:20,537 :INFO :test_process :Email: pal@gmail.com
2021-06-08 12:07:20,537 :INFO :test_process :Email: pal@gmail.com
2021-06-08 12:07:20,537 :INFO :test_process :Email: pal@gmail.com
2021-06-08 12:07:20,599 :INFO :test_process :Phone Number: 8234567976
2021-06-08 12:07:20,599 :INFO :test_process :Phone Number: 8234567976
2021-06-08 12:07:20,599 :INFO :test_process :Phone Number: 8234567976
2021-06-08 12:07:20,599 :INFO :test_process :Phone Number: 8234567976
2021-06-08 12:07:21,148 :INFO :test_process :Skill: roubleshooting
2021-06-08 12:07:21,148 :INFO :test_process :Skill: roubleshooting
2021-06-08 12:07:21,148 :INFO :test_process :Skill: roubleshooting
2021-06-08 12:07:21,148 :INFO :test_process :Skill: roubleshooting
2021-06-08 14:29:02,231 :INFO :test_process :Frist_name: Sam
2021-06-08 14:29:02,492 :INFO :test_process :Last_name: Willams
2021-06-08 14:29:02,543 :INFO :test_process :Address: classic tower, 5&6, 10th Cross St, Thillai Nagar, Tiruchirappalli, Tamil Nadu 620018
2021-06-08 14:29:02,671 :INFO :test_process :Email: sam@gmail.com
2021-06-08 14:29:02,744 :INFO :test_process :Phone Number: 8453438323
2021-06-08 14:29:03,329 :INFO :test_process :Skill: Python
2021-06-08 14:29:03,378 :INFO :test_process :country: American Samoa
2021-06-08 14:29:03,602 :INFO :test_process :Year: 2000
2021-06-08 14:29:03,644 :INFO :test_process :Month: August
2021-06-08 14:29:03,686 :INFO :test_process :Day: 31
2021-06-08 14:29:03,730 :INFO :test_process :Password: P345@1
2021-06-08 14:29:03,793 :INFO :test_process :Confirm Password: P345@1
2021-06-08 14:29:04,915 :INFO :test_process :Frist_name: gk
2021-06-08 14:29:04,915 :INFO :test_process :Frist_name: gk
2021-06-08 14:29:05,162 :INFO :test_process :Last_name: roy
2021-06-08 14:29:05,162 :INFO :test_process :Last_name: roy
2021-06-08 14:29:05,210 :INFO :test_process :Address: KVR Complex, 21, 80 Feet Rd, Sengunthapuram, Tamil Nadu 639002
2021-06-08 14:29:05,210 :INFO :test_process :Address: KVR Complex, 21, 80 Feet Rd, Sengunthapuram, Tamil Nadu 639002
2021-06-08 14:29:05,315 :INFO :test_process :Email: roy@gmail.com
2021-06-08 14:29:05,315 :INFO :test_process :Email: roy@gmail.com
2021-06-08 14:29:05,370 :INFO :test_process :Phone Number: 9233457392
2021-06-08 14:29:05,370 :INFO :test_process :Phone Number: 9233457392
2021-06-08 14:29:05,932 :INFO :test_process :Skill: Data Analytics
2021-06-08 14:29:05,932 :INFO :test_process :Skill: Data Analytics
2021-06-08 14:29:05,974 :INFO :test_process :country: Switzerland
2021-06-08 14:29:05,974 :INFO :test_process :country: Switzerland
2021-06-08 14:29:06,176 :INFO :test_process :Year: 1998
2021-06-08 14:29:06,176 :INFO :test_process :Year: 1998
2021-06-08 14:29:06,215 :INFO :test_process :Month: May
2021-06-08 14:29:06,215 :INFO :test_process :Month: May
2021-06-08 14:29:06,256 :INFO :test_process :Day: 16
2021-06-08 14:29:06,256 :INFO :test_process :Day: 16
2021-06-08 14:29:06,295 :INFO :test_process :Password: S#$%
2021-06-08 14:29:06,295 :INFO :test_process :Password: S#$%
2021-06-08 14:29:06,355 :INFO :test_process :Confirm Password: S#$%
2021-06-08 14:29:06,355 :INFO :test_process :Confirm Password: S#$%
2021-06-08 14:29:07,168 :INFO :test_process :Frist_name: ram
2021-06-08 14:29:07,168 :INFO :test_process :Frist_name: ram
2021-06-08 14:29:07,168 :INFO :test_process :Frist_name: ram
2021-06-08 14:29:07,471 :INFO :test_process :Last_name: sand
2021-06-08 14:29:07,471 :INFO :test_process :Last_name: sand
2021-06-08 14:29:07,471 :INFO :test_process :Last_name: sand
2021-06-08 14:29:07,514 :INFO :test_process :Address: 75-5744 Alii Dr #123, Kailua-Kona, HI 96740, United States
2021-06-08 14:29:07,514 :INFO :test_process :Address: 75-5744 Alii Dr #123, Kailua-Kona, HI 96740, United States
2021-06-08 14:29:07,514 :INFO :test_process :Address: 75-5744 Alii Dr #123, Kailua-Kona, HI 96740, United States
2021-06-08 14:29:07,612 :INFO :test_process :Email: paul@gmail.com
2021-06-08 14:29:07,612 :INFO :test_process :Email: paul@gmail.com
2021-06-08 14:29:07,612 :INFO :test_process :Email: paul@gmail.com
2021-06-08 14:29:07,668 :INFO :test_process :Phone Number: 8765432196
2021-06-08 14:29:07,668 :INFO :test_process :Phone Number: 8765432196
2021-06-08 14:29:07,668 :INFO :test_process :Phone Number: 8765432196
2021-06-08 14:29:08,221 :INFO :test_process :Skill: Design
2021-06-08 14:29:08,221 :INFO :test_process :Skill: Design
2021-06-08 14:29:08,221 :INFO :test_process :Skill: Design
2021-06-08 14:29:08,261 :INFO :test_process :country: Canada
2021-06-08 14:29:08,261 :INFO :test_process :country: Canada
2021-06-08 14:29:08,261 :INFO :test_process :country: Canada
2021-06-08 14:29:08,459 :INFO :test_process :Year: 1997
2021-06-08 14:29:08,459 :INFO :test_process :Year: 1997
2021-06-08 14:29:08,459 :INFO :test_process :Year: 1997
2021-06-08 14:29:08,500 :INFO :test_process :Month: December
2021-06-08 14:29:08,500 :INFO :test_process :Month: December
2021-06-08 14:29:08,500 :INFO :test_process :Month: December
2021-06-08 14:29:08,538 :INFO :test_process :Day: 1
2021-06-08 14:29:08,538 :INFO :test_process :Day: 1
2021-06-08 14:29:08,538 :INFO :test_process :Day: 1
2021-06-08 14:29:08,579 :INFO :test_process :Password: &*(Huh
2021-06-08 14:29:08,579 :INFO :test_process :Password: &*(Huh
2021-06-08 14:29:08,579 :INFO :test_process :Password: &*(Huh
2021-06-08 14:29:08,640 :INFO :test_process :Confirm Password: &*(Huh
2021-06-08 14:29:08,640 :INFO :test_process :Confirm Password: &*(Huh
2021-06-08 14:29:08,640 :INFO :test_process :Confirm Password: &*(Huh
2021-06-08 14:29:08,730 :INFO :test_process :Frist_name: praveendhra
2021-06-08 14:29:08,730 :INFO :test_process :Frist_name: praveendhra
2021-06-08 14:29:08,730 :INFO :test_process :Frist_name: praveendhra
2021-06-08 14:29:08,730 :INFO :test_process :Frist_name: praveendhra
2021-06-08 14:29:09,943 :INFO :test_process :Last_name: paul
2021-06-08 14:29:09,943 :INFO :test_process :Last_name: paul
2021-06-08 14:29:09,943 :INFO :test_process :Last_name: paul
2021-06-08 14:29:09,943 :INFO :test_process :Last_name: paul
2021-06-08 14:29:09,991 :INFO :test_process :Address: Jardim Santo Inácio, Salvador - State of Bahia, Brazil
2021-06-08 14:29:09,991 :INFO :test_process :Address: Jardim Santo Inácio, Salvador - State of Bahia, Brazil
2021-06-08 14:29:09,991 :INFO :test_process :Address: Jardim Santo Inácio, Salvador - State of Bahia, Brazil
2021-06-08 14:29:09,991 :INFO :test_process :Address: Jardim Santo Inácio, Salvador - State of Bahia, Brazil
2021-06-08 14:29:10,088 :INFO :test_process :Email: pal@gmail.com
2021-06-08 14:29:10,088 :INFO :test_process :Email: pal@gmail.com
2021-06-08 14:29:10,088 :INFO :test_process :Email: pal@gmail.com
2021-06-08 14:29:10,088 :INFO :test_process :Email: pal@gmail.com
2021-06-08 14:29:10,150 :INFO :test_process :Phone Number: 8234567976
2021-06-08 14:29:10,150 :INFO :test_process :Phone Number: 8234567976
2021-06-08 14:29:10,150 :INFO :test_process :Phone Number: 8234567976
2021-06-08 14:29:10,150 :INFO :test_process :Phone Number: 8234567976
2021-06-08 14:29:10,713 :INFO :test_process :Skill: Troubleshooting
2021-06-08 14:29:10,713 :INFO :test_process :Skill: Troubleshooting
2021-06-08 14:29:10,713 :INFO :test_process :Skill: Troubleshooting
2021-06-08 14:29:10,713 :INFO :test_process :Skill: Troubleshooting
2021-06-08 14:29:10,755 :INFO :test_process :country: Denmark
2021-06-08 14:29:10,755 :INFO :test_process :country: Denmark
2021-06-08 14:29:10,755 :INFO :test_process :country: Denmark
2021-06-08 14:29:10,755 :INFO :test_process :country: Denmark
2021-06-08 14:29:10,957 :INFO :test_process :Year: 1998
2021-06-08 14:29:10,957 :INFO :test_process :Year: 1998
2021-06-08 14:29:10,957 :INFO :test_process :Year: 1998
2021-06-08 14:29:10,957 :INFO :test_process :Year: 1998
2021-06-08 14:29:10,997 :INFO :test_process :Month: July
2021-06-08 14:29:10,997 :INFO :test_process :Month: July
2021-06-08 14:29:10,997 :INFO :test_process :Month: July
2021-06-08 14:29:10,997 :INFO :test_process :Month: July
2021-06-08 14:29:11,037 :INFO :test_process :Day: 28
2021-06-08 14:29:11,037 :INFO :test_process :Day: 28
2021-06-08 14:29:11,037 :INFO :test_process :Day: 28
2021-06-08 14:29:11,037 :INFO :test_process :Day: 28
2021-06-08 14:29:11,078 :INFO :test_process :Password: WER$%
2021-06-08 14:29:11,078 :INFO :test_process :Password: WER$%
2021-06-08 14:29:11,078 :INFO :test_process :Password: WER$%
2021-06-08 14:29:11,078 :INFO :test_process :Password: WER$%
2021-06-08 14:29:11,140 :INFO :test_process :Confirm Password: WER$%
2021-06-08 14:29:11,140 :INFO :test_process :Confirm Password: WER$%
2021-06-08 14:29:11,140 :INFO :test_process :Confirm Password: WER$%
2021-06-08 14:29:11,140 :INFO :test_process :Confirm Password: WER$%
2021-06-09 21:48:15,291 :INFO :test_process :Frist_name: Sam
2021-06-09 21:48:15,460 :INFO :test_process :Last_name: Willams
2021-06-09 21:48:15,547 :INFO :test_process :Address: classic tower, 5&6, 10th Cross St, Thillai Nagar, Tiruchirappalli, Tamil Nadu 620018
2021-06-09 21:48:15,760 :INFO :test_process :Email: sam@gmail.com
2021-06-09 21:48:15,829 :INFO :test_process :Phone Number: 8453438323
2021-06-09 21:48:16,442 :INFO :test_process :Skill: Python
2021-06-09 21:48:16,494 :INFO :test_process :country: American Samoa
2021-06-09 21:48:16,731 :INFO :test_process :Year: 2000
2021-06-09 21:48:16,776 :INFO :test_process :Month: August
2021-06-09 21:48:16,819 :INFO :test_process :Day: 31
2021-06-09 21:48:16,865 :INFO :test_process :Password: P345@1
2021-06-09 21:48:16,940 :INFO :test_process :Confirm Password: P345@1
2021-06-09 21:48:18,220 :INFO :test_process :Frist_name: gk
2021-06-09 21:48:18,220 :INFO :test_process :Frist_name: gk
2021-06-09 21:48:18,325 :INFO :test_process :Last_name: roy
2021-06-09 21:48:18,325 :INFO :test_process :Last_name: roy
2021-06-09 21:48:18,547 :INFO :test_process :Address: KVR Complex, 21, 80 Feet Rd, Sengunthapuram, Tamil Nadu 639002
2021-06-09 21:48:18,547 :INFO :test_process :Address: KVR Complex, 21, 80 Feet Rd, Sengunthapuram, Tamil Nadu 639002
2021-06-09 21:48:18,696 :INFO :test_process :Email: roy@gmail.com
2021-06-09 21:48:18,696 :INFO :test_process :Email: roy@gmail.com
2021-06-09 21:48:18,776 :INFO :test_process :Phone Number: 9233457392
2021-06-09 21:48:18,776 :INFO :test_process :Phone Number: 9233457392
2021-06-09 21:48:19,409 :INFO :test_process :Skill: Data Analytics
2021-06-09 21:48:19,409 :INFO :test_process :Skill: Data Analytics
2021-06-09 21:48:19,455 :INFO :test_process :country: Switzerland
2021-06-09 21:48:19,455 :INFO :test_process :country: Switzerland
2021-06-09 21:48:19,662 :INFO :test_process :Year: 1998
2021-06-09 21:48:19,662 :INFO :test_process :Year: 1998
2021-06-09 21:48:19,704 :INFO :test_process :Month: May
2021-06-09 21:48:19,704 :INFO :test_process :Month: May
2021-06-09 21:48:19,745 :INFO :test_process :Day: 16
2021-06-09 21:48:19,745 :INFO :test_process :Day: 16
2021-06-09 21:48:19,784 :INFO :test_process :Password: S#$%
2021-06-09 21:48:19,784 :INFO :test_process :Password: S#$%
2021-06-09 21:48:19,847 :INFO :test_process :Confirm Password: S#$%
2021-06-09 21:48:19,847 :INFO :test_process :Confirm Password: S#$%
2021-06-09 21:48:19,933 :INFO :test_process :Frist_name: ram
2021-06-09 21:48:19,933 :INFO :test_process :Frist_name: ram
2021-06-09 21:48:19,933 :INFO :test_process :Frist_name: ram
2021-06-09 21:48:21,187 :INFO :test_process :Last_name: sand
2021-06-09 21:48:21,187 :INFO :test_process :Last_name: sand
2021-06-09 21:48:21,187 :INFO :test_process :Last_name: sand
2021-06-09 21:48:21,262 :INFO :test_process :Address: 75-5744 Alii Dr #123, Kailua-Kona, HI 96740, United States
2021-06-09 21:48:21,262 :INFO :test_process :Address: 75-5744 Alii Dr #123, Kailua-Kona, HI 96740, United States
2021-06-09 21:48:21,262 :INFO :test_process :Address: 75-5744 Alii Dr #123, Kailua-Kona, HI 96740, United States
2021-06-09 21:48:21,406 :INFO :test_process :Email: paul@gmail.com
2021-06-09 21:48:21,406 :INFO :test_process :Email: paul@gmail.com
2021-06-09 21:48:21,406 :INFO :test_process :Email: paul@gmail.com
2021-06-09 21:48:21,483 :INFO :test_process :Phone Number: 8765432196
2021-06-09 21:48:21,483 :INFO :test_process :Phone Number: 8765432196
2021-06-09 21:48:21,483 :INFO :test_process :Phone Number: 8765432196
2021-06-09 21:48:22,071 :INFO :test_process :Skill: Design
2021-06-09 21:48:22,071 :INFO :test_process :Skill: Design
2021-06-09 21:48:22,071 :INFO :test_process :Skill: Design
2021-06-09 21:48:22,112 :INFO :test_process :country: Canada
2021-06-09 21:48:22,112 :INFO :test_process :country: Canada
2021-06-09 21:48:22,112 :INFO :test_process :country: Canada
2021-06-09 21:48:22,323 :INFO :test_process :Year: 1997
2021-06-09 21:48:22,323 :INFO :test_process :Year: 1997
2021-06-09 21:48:22,323 :INFO :test_process :Year: 1997
2021-06-09 21:48:22,364 :INFO :test_process :Month: December
2021-06-09 21:48:22,364 :INFO :test_process :Month: December
2021-06-09 21:48:22,364 :INFO :test_process :Month: December
2021-06-09 21:48:22,406 :INFO :test_process :Day: 1
2021-06-09 21:48:22,406 :INFO :test_process :Day: 1
2021-06-09 21:48:22,406 :INFO :test_process :Day: 1
2021-06-09 21:48:22,462 :INFO :test_process :Password: &*(Huh
2021-06-09 21:48:22,462 :INFO :test_process :Password: &*(Huh
2021-06-09 21:48:22,462 :INFO :test_process :Password: &*(Huh
2021-06-09 21:48:22,522 :INFO :test_process :Confirm Password: &*(Huh
2021-06-09 21:48:22,522 :INFO :test_process :Confirm Password: &*(Huh
2021-06-09 21:48:22,522 :INFO :test_process :Confirm Password: &*(Huh
2021-06-09 21:48:23,659 :INFO :test_process :Frist_name: praveendhra
2021-06-09 21:48:23,659 :INFO :test_process :Frist_name: praveendhra
2021-06-09 21:48:23,659 :INFO :test_process :Frist_name: praveendhra
2021-06-09 21:48:23,659 :INFO :test_process :Frist_name: praveendhra
2021-06-09 21:48:23,919 :INFO :test_process :Last_name: paul
2021-06-09 21:48:23,919 :INFO :test_process :Last_name: paul
2021-06-09 21:48:23,919 :INFO :test_process :Last_name: paul
2021-06-09 21:48:23,919 :INFO :test_process :Last_name: paul
2021-06-09 21:48:23,966 :INFO :test_process :Address: Jardim Santo Inácio, Salvador - State of Bahia, Brazil
2021-06-09 21:48:23,966 :INFO :test_process :Address: Jardim Santo Inácio, Salvador - State of Bahia, Brazil
2021-06-09 21:48:23,966 :INFO :test_process :Address: Jardim Santo Inácio, Salvador - State of Bahia, Brazil
2021-06-09 21:48:23,966 :INFO :test_process :Address: Jardim Santo Inácio, Salvador - State of Bahia, Brazil
2021-06-09 21:48:24,069 :INFO :test_process :Email: pal@gmail.com
2021-06-09 21:48:24,069 :INFO :test_process :Email: pal@gmail.com
2021-06-09 21:48:24,069 :INFO :test_process :Email: pal@gmail.com
2021-06-09 21:48:24,069 :INFO :test_process :Email: pal@gmail.com
2021-06-09 21:48:24,132 :INFO :test_process :Phone Number: 8234567976
2021-06-09 21:48:24,132 :INFO :test_process :Phone Number: 8234567976
2021-06-09 21:48:24,132 :INFO :test_process :Phone Number: 8234567976
2021-06-09 21:48:24,132 :INFO :test_process :Phone Number: 8234567976
2021-06-09 21:48:24,774 :INFO :test_process :Skill: Troubleshooting
2021-06-09 21:48:24,774 :INFO :test_process :Skill: Troubleshooting
2021-06-09 21:48:24,774 :INFO :test_process :Skill: Troubleshooting
2021-06-09 21:48:24,774 :INFO :test_process :Skill: Troubleshooting
2021-06-09 21:48:24,816 :INFO :test_process :country: Denmark
2021-06-09 21:48:24,816 :INFO :test_process :country: Denmark
2021-06-09 21:48:24,816 :INFO :test_process :country: Denmark
2021-06-09 21:48:24,816 :INFO :test_process :country: Denmark
2021-06-09 21:48:25,030 :INFO :test_process :Year: 1998
2021-06-09 21:48:25,030 :INFO :test_process :Year: 1998
2021-06-09 21:48:25,030 :INFO :test_process :Year: 1998
2021-06-09 21:48:25,030 :INFO :test_process :Year: 1998
2021-06-09 21:48:25,077 :INFO :test_process :Month: July
2021-06-09 21:48:25,077 :INFO :test_process :Month: July
2021-06-09 21:48:25,077 :INFO :test_process :Month: July
2021-06-09 21:48:25,077 :INFO :test_process :Month: July
2021-06-09 21:48:25,120 :INFO :test_process :Day: 28
2021-06-09 21:48:25,120 :INFO :test_process :Day: 28
2021-06-09 21:48:25,120 :INFO :test_process :Day: 28
2021-06-09 21:48:25,120 :INFO :test_process :Day: 28
2021-06-09 21:48:25,159 :INFO :test_process :Password: WER$%
2021-06-09 21:48:25,159 :INFO :test_process :Password: WER$%
2021-06-09 21:48:25,159 :INFO :test_process :Password: WER$%
2021-06-09 21:48:25,159 :INFO :test_process :Password: WER$%
2021-06-09 21:48:25,225 :INFO :test_process :Confirm Password: WER$%
2021-06-09 21:48:25,225 :INFO :test_process :Confirm Password: WER$%
2021-06-09 21:48:25,225 :INFO :test_process :Confirm Password: WER$%
2021-06-09 21:48:25,225 :INFO :test_process :Confirm Password: WER$%
